<?xml version="1.0" encoding="UTF-8"?>
<!-- Generated by org.testng.reporters.JUnitXMLReporter -->
<testsuite hostname="DESKTOP-8CCNVMS" ignored="0" name="Default test" tests="3" failures="0" timestamp="2020-08-18T20:11:05 CDT" time="57.528" errors="0">
  <testcase name="searchPeopleTest" time="10.78" classname="com.qa.linkedin.testcase.SearchDDTest"/>
  <testcase name="searchPeopleTest" time="6.814" classname="com.qa.linkedin.testcase.SearchDDTest"/>
  <testcase name="searchPeopleTest" time="7.343" classname="com.qa.linkedin.testcase.SearchDDTest"/>
</testsuite> <!-- Default test -->
