<?xml version="1.0" encoding="UTF-8"?>
<!-- Generated by org.testng.reporters.JUnitXMLReporter -->
<testsuite hostname="DESKTOP-8CCNVMS" ignored="0" name="HybridTest" tests="3" failures="0" timestamp="2020-08-19T20:37:19 CDT" time="34.865" errors="0">
  <testcase name="searchPeopleTest" time="4.895" classname="com.qa.linkedin.testcase.SearchDDTest"/>
  <testcase name="searchPeopleTest" time="5.194" classname="com.qa.linkedin.testcase.SearchDDTest"/>
  <testcase name="searchPeopleTest" time="5.796" classname="com.qa.linkedin.testcase.SearchDDTest"/>
</testsuite> <!-- HybridTest -->
