<?xml version="1.0" encoding="UTF-8"?>
<testng-results skipped="0" failed="0" ignored="0" total="3" passed="3">
  <reporter-output>
    <line>
      <![CDATA[set CHROME_DRIVER_SILENT_OUTPUT_PROPERTY to avoid TimeOut log in console]]>
    </line>
    <line>
      <![CDATA[launching Chromebrowser]]>
    </line>
  </reporter-output>
  <suite name="hybridSuite" duration-ms="34865" started-at="2020-08-19T20:36:44 CDT" finished-at="2020-08-19T20:37:19 CDT">
    <groups>
    </groups>
    <test name="HybridTest" duration-ms="34865" started-at="2020-08-19T20:36:44 CDT" finished-at="2020-08-19T20:37:19 CDT">
      <class name="com.qa.linkedin.testcase.SearchDDTest">
        <test-method status="PASS" signature="setup()[pri:0, instance:com.qa.linkedin.testcase.SearchDDTest@68ceda24]" name="setup" is-config="true" duration-ms="9440" started-at="2020-08-19T20:36:34 CDT" finished-at="2020-08-19T20:36:44 CDT">
          <reporter-output>
            <line>
              <![CDATA[set CHROME_DRIVER_SILENT_OUTPUT_PROPERTY to avoid TimeOut log in console]]>
            </line>
            <line>
              <![CDATA[launching Chromebrowser]]>
            </line>
          </reporter-output>
        </test-method> <!-- setup -->
        <test-method status="PASS" signature="beforeClass()[pri:0, instance:com.qa.linkedin.testcase.SearchDDTest@68ceda24]" name="beforeClass" is-config="true" duration-ms="15521" started-at="2020-08-19T20:36:44 CDT" finished-at="2020-08-19T20:36:59 CDT">
          <reporter-output>
          </reporter-output>
        </test-method> <!-- beforeClass -->
        <test-method status="PASS" signature="searchPeopleTest(java.lang.String)[pri:0, instance:com.qa.linkedin.testcase.SearchDDTest@68ceda24]" name="searchPeopleTest" duration-ms="4895" started-at="2020-08-19T20:37:00 CDT" data-provider="dp" finished-at="2020-08-19T20:37:05 CDT">
          <params>
            <param index="0">
              <value>
                <![CDATA[shilpa]]>
              </value>
            </param>
          </params>
          <reporter-output>
          </reporter-output>
        </test-method> <!-- searchPeopleTest -->
        <test-method status="PASS" signature="searchPeopleTest(java.lang.String)[pri:0, instance:com.qa.linkedin.testcase.SearchDDTest@68ceda24]" name="searchPeopleTest" duration-ms="5194" started-at="2020-08-19T20:37:05 CDT" data-provider="dp" finished-at="2020-08-19T20:37:11 CDT">
          <params>
            <param index="0">
              <value>
                <![CDATA[swathi]]>
              </value>
            </param>
          </params>
          <reporter-output>
          </reporter-output>
        </test-method> <!-- searchPeopleTest -->
        <test-method status="PASS" signature="searchPeopleTest(java.lang.String)[pri:0, instance:com.qa.linkedin.testcase.SearchDDTest@68ceda24]" name="searchPeopleTest" duration-ms="5796" started-at="2020-08-19T20:37:11 CDT" data-provider="dp" finished-at="2020-08-19T20:37:16 CDT">
          <params>
            <param index="0">
              <value>
                <![CDATA[ramesh]]>
              </value>
            </param>
          </params>
          <reporter-output>
          </reporter-output>
        </test-method> <!-- searchPeopleTest -->
        <test-method status="PASS" signature="afterClass()[pri:0, instance:com.qa.linkedin.testcase.SearchDDTest@68ceda24]" name="afterClass" is-config="true" duration-ms="2231" started-at="2020-08-19T20:37:16 CDT" finished-at="2020-08-19T20:37:19 CDT">
          <reporter-output>
          </reporter-output>
        </test-method> <!-- afterClass -->
        <test-method status="PASS" signature="tearDown()[pri:0, instance:com.qa.linkedin.testcase.SearchDDTest@68ceda24]" name="tearDown" is-config="true" duration-ms="944" started-at="2020-08-19T20:37:20 CDT" finished-at="2020-08-19T20:37:21 CDT">
          <reporter-output>
          </reporter-output>
        </test-method> <!-- tearDown -->
      </class> <!-- com.qa.linkedin.testcase.SearchDDTest -->
    </test> <!-- HybridTest -->
  </suite> <!-- hybridSuite -->
</testng-results>
