<?xml version="1.0" encoding="UTF-8"?>
<!-- Generated by org.testng.reporters.JUnitXMLReporter -->
<testsuite hostname="DESKTOP-8CCNVMS" ignored="0" name="HybridTest" tests="3" failures="0" timestamp="2020-08-18T21:06:35 CDT" time="36.852" errors="0">
  <testcase name="searchPeopleTest" time="5.025" classname="com.qa.linkedin.testcase.SearchDDTest"/>
  <testcase name="searchPeopleTest" time="6.032" classname="com.qa.linkedin.testcase.SearchDDTest"/>
  <testcase name="searchPeopleTest" time="7.259" classname="com.qa.linkedin.testcase.SearchDDTest"/>
</testsuite> <!-- HybridTest -->
